<?xml version="1.0" encoding="UTF-8"?>
<!-- Generated by org.testng.reporters.JUnitReportReporter -->
<testsuite hostname="HimaleshNalam" failures="0" tests="1" name="Scenarios.AmazonProject.TestCase2_LoginSearchLogout" time="26.284" errors="0" timestamp="2025-08-30T09:22:49 IST" skipped="0">
  <testcase classname="Scenarios.AmazonProject.TestCase2_LoginSearchLogout" name="WithValidCredentials" time="26.284"/>
</testsuite> <!-- Scenarios.AmazonProject.TestCase2_LoginSearchLogout -->
