<?xml version="1.0" encoding="UTF-8"?>
<!-- Generated by org.testng.reporters.JUnitReportReporter -->
<testsuite hostname="HimaleshNalam" failures="0" tests="1" name="Scenarios.AmazonProject.TestCase1_LoginLogout" time="20.677" errors="0" timestamp="2025-09-05T09:11:16 IST" skipped="0">
  <testcase classname="Scenarios.AmazonProject.TestCase1_LoginLogout" name="WithValidCredentials" time="20.677"/>
</testsuite> <!-- Scenarios.AmazonProject.TestCase1_LoginLogout -->
